2021-01-07 20:36:46,123 - task_col_classifier.py [line:218] - INFO: Model sent to device: cuda:0/cuda:0
2021-01-07 20:37:10,596 - task_col_classifier.py [line:206] - INFO: Epoch id: 1, Training steps: 100, Avg loss: 3.376
2021-01-07 20:37:37,246 - task_col_classifier.py [line:187] - INFO: Epoch_id: 1	 DataSet: ff_no_dup_test_samples_t2d	Acc: 0.045112781954887216
2021-01-07 20:37:46,044 - task_col_classifier.py [line:187] - INFO: Epoch_id: 1	 DataSet: ff_no_dup_test_samples_wikipedia	Acc: 0.03257328990228013
2021-01-07 20:37:47,727 - task_col_classifier.py [line:187] - INFO: Epoch_id: 1	 DataSet: ff_no_dup_test_samples_limaye	Acc: 0.0
2021-01-07 20:38:07,949 - task_col_classifier.py [line:206] - INFO: Epoch id: 2, Training steps: 100, Avg loss: 5.032
2021-01-07 20:38:34,327 - task_col_classifier.py [line:187] - INFO: Epoch_id: 2	 DataSet: ff_no_dup_test_samples_t2d	Acc: 0.21804511278195488
2021-01-07 20:38:43,241 - task_col_classifier.py [line:187] - INFO: Epoch_id: 2	 DataSet: ff_no_dup_test_samples_wikipedia	Acc: 0.0749185667752443
2021-01-07 20:38:44,947 - task_col_classifier.py [line:187] - INFO: Epoch_id: 2	 DataSet: ff_no_dup_test_samples_limaye	Acc: 0.17543859649122806
2021-01-07 20:39:05,338 - task_col_classifier.py [line:206] - INFO: Epoch id: 3, Training steps: 100, Avg loss: 4.201
2021-01-07 20:39:31,944 - task_col_classifier.py [line:187] - INFO: Epoch_id: 3	 DataSet: ff_no_dup_test_samples_t2d	Acc: 0.3533834586466165
2021-01-07 20:39:40,795 - task_col_classifier.py [line:187] - INFO: Epoch_id: 3	 DataSet: ff_no_dup_test_samples_wikipedia	Acc: 0.16938110749185667
2021-01-07 20:39:42,484 - task_col_classifier.py [line:187] - INFO: Epoch_id: 3	 DataSet: ff_no_dup_test_samples_limaye	Acc: 0.21929824561403508
2021-01-07 20:40:02,972 - task_col_classifier.py [line:206] - INFO: Epoch id: 4, Training steps: 100, Avg loss: 2.433
2021-01-07 20:40:29,801 - task_col_classifier.py [line:187] - INFO: Epoch_id: 4	 DataSet: ff_no_dup_test_samples_t2d	Acc: 0.43609022556390975
2021-01-07 20:40:38,582 - task_col_classifier.py [line:187] - INFO: Epoch_id: 4	 DataSet: ff_no_dup_test_samples_wikipedia	Acc: 0.247557003257329
2021-01-07 20:40:40,265 - task_col_classifier.py [line:187] - INFO: Epoch_id: 4	 DataSet: ff_no_dup_test_samples_limaye	Acc: 0.30701754385964913
2021-01-07 20:41:00,952 - task_col_classifier.py [line:206] - INFO: Epoch id: 5, Training steps: 100, Avg loss: 1.570
2021-01-07 20:41:27,491 - task_col_classifier.py [line:187] - INFO: Epoch_id: 5	 DataSet: ff_no_dup_test_samples_t2d	Acc: 0.6541353383458647
2021-01-07 20:41:36,344 - task_col_classifier.py [line:187] - INFO: Epoch_id: 5	 DataSet: ff_no_dup_test_samples_wikipedia	Acc: 0.31758957654723124
2021-01-07 20:41:38,029 - task_col_classifier.py [line:187] - INFO: Epoch_id: 5	 DataSet: ff_no_dup_test_samples_limaye	Acc: 0.38596491228070173
2021-01-07 20:41:58,165 - task_col_classifier.py [line:206] - INFO: Epoch id: 6, Training steps: 100, Avg loss: 0.824
2021-01-07 20:42:24,912 - task_col_classifier.py [line:187] - INFO: Epoch_id: 6	 DataSet: ff_no_dup_test_samples_t2d	Acc: 0.6842105263157895
2021-01-07 20:42:33,726 - task_col_classifier.py [line:187] - INFO: Epoch_id: 6	 DataSet: ff_no_dup_test_samples_wikipedia	Acc: 0.3566775244299674
2021-01-07 20:42:35,405 - task_col_classifier.py [line:187] - INFO: Epoch_id: 6	 DataSet: ff_no_dup_test_samples_limaye	Acc: 0.41228070175438597
2021-01-07 20:42:55,935 - task_col_classifier.py [line:206] - INFO: Epoch id: 7, Training steps: 100, Avg loss: 0.492
2021-01-07 20:43:22,525 - task_col_classifier.py [line:187] - INFO: Epoch_id: 7	 DataSet: ff_no_dup_test_samples_t2d	Acc: 0.7518796992481203
2021-01-07 20:43:31,330 - task_col_classifier.py [line:187] - INFO: Epoch_id: 7	 DataSet: ff_no_dup_test_samples_wikipedia	Acc: 0.44136807817589574
2021-01-07 20:43:33,021 - task_col_classifier.py [line:187] - INFO: Epoch_id: 7	 DataSet: ff_no_dup_test_samples_limaye	Acc: 0.42105263157894735
2021-01-07 20:43:53,161 - task_col_classifier.py [line:206] - INFO: Epoch id: 8, Training steps: 100, Avg loss: 0.339
2021-01-07 20:44:19,598 - task_col_classifier.py [line:187] - INFO: Epoch_id: 8	 DataSet: ff_no_dup_test_samples_t2d	Acc: 0.7669172932330827
2021-01-07 20:44:28,447 - task_col_classifier.py [line:187] - INFO: Epoch_id: 8	 DataSet: ff_no_dup_test_samples_wikipedia	Acc: 0.44136807817589574
2021-01-07 20:44:30,140 - task_col_classifier.py [line:187] - INFO: Epoch_id: 8	 DataSet: ff_no_dup_test_samples_limaye	Acc: 0.40350877192982454
2021-01-07 20:44:50,440 - task_col_classifier.py [line:206] - INFO: Epoch id: 9, Training steps: 100, Avg loss: 0.211
2021-01-07 20:45:16,847 - task_col_classifier.py [line:187] - INFO: Epoch_id: 9	 DataSet: ff_no_dup_test_samples_t2d	Acc: 0.8045112781954887
2021-01-07 20:45:25,744 - task_col_classifier.py [line:187] - INFO: Epoch_id: 9	 DataSet: ff_no_dup_test_samples_wikipedia	Acc: 0.4381107491856677
2021-01-07 20:45:27,424 - task_col_classifier.py [line:187] - INFO: Epoch_id: 9	 DataSet: ff_no_dup_test_samples_limaye	Acc: 0.43859649122807015
2021-01-07 20:45:47,971 - task_col_classifier.py [line:206] - INFO: Epoch id: 10, Training steps: 100, Avg loss: 0.159
2021-01-07 20:46:14,475 - task_col_classifier.py [line:187] - INFO: Epoch_id: 10	 DataSet: ff_no_dup_test_samples_t2d	Acc: 0.8195488721804511
2021-01-07 20:46:23,266 - task_col_classifier.py [line:187] - INFO: Epoch_id: 10	 DataSet: ff_no_dup_test_samples_wikipedia	Acc: 0.4495114006514658
2021-01-07 20:46:24,979 - task_col_classifier.py [line:187] - INFO: Epoch_id: 10	 DataSet: ff_no_dup_test_samples_limaye	Acc: 0.42105263157894735
2021-01-07 20:46:45,203 - task_col_classifier.py [line:206] - INFO: Epoch id: 11, Training steps: 100, Avg loss: 0.126
2021-01-07 20:47:11,760 - task_col_classifier.py [line:187] - INFO: Epoch_id: 11	 DataSet: ff_no_dup_test_samples_t2d	Acc: 0.8270676691729323
2021-01-07 20:47:20,572 - task_col_classifier.py [line:187] - INFO: Epoch_id: 11	 DataSet: ff_no_dup_test_samples_wikipedia	Acc: 0.46742671009771986
2021-01-07 20:47:22,264 - task_col_classifier.py [line:187] - INFO: Epoch_id: 11	 DataSet: ff_no_dup_test_samples_limaye	Acc: 0.4298245614035088
2021-01-07 20:47:42,602 - task_col_classifier.py [line:206] - INFO: Epoch id: 12, Training steps: 100, Avg loss: 0.106
2021-01-07 20:48:09,271 - task_col_classifier.py [line:187] - INFO: Epoch_id: 12	 DataSet: ff_no_dup_test_samples_t2d	Acc: 0.8195488721804511
2021-01-07 20:48:18,165 - task_col_classifier.py [line:187] - INFO: Epoch_id: 12	 DataSet: ff_no_dup_test_samples_wikipedia	Acc: 0.48534201954397393
2021-01-07 20:48:19,856 - task_col_classifier.py [line:187] - INFO: Epoch_id: 12	 DataSet: ff_no_dup_test_samples_limaye	Acc: 0.42105263157894735
2021-01-07 20:48:40,348 - task_col_classifier.py [line:206] - INFO: Epoch id: 13, Training steps: 100, Avg loss: 0.100
2021-01-07 20:49:07,021 - task_col_classifier.py [line:187] - INFO: Epoch_id: 13	 DataSet: ff_no_dup_test_samples_t2d	Acc: 0.8270676691729323
2021-01-07 20:49:15,834 - task_col_classifier.py [line:187] - INFO: Epoch_id: 13	 DataSet: ff_no_dup_test_samples_wikipedia	Acc: 0.46416938110749184
2021-01-07 20:49:17,520 - task_col_classifier.py [line:187] - INFO: Epoch_id: 13	 DataSet: ff_no_dup_test_samples_limaye	Acc: 0.42105263157894735
