2021-01-07 22:21:20,124 - task_col_classifier.py [line:217] - INFO: args: {'mask_mode': 'crosswise', 'pooling': 'avg-cell-seg', 'seq_len': 90, 'pretrained_model_path': './models/bert_model.bin-000', 'vocab_path': 'models/google_uncased_en_vocab.txt', 'vocab': <uer.utils.vocab.Vocab object at 0x7f6ff94d0588>, 'emb_size': 768, 'embedding': 'tab', 'encoder': 'bert', 'subword_type': 'none', 'tokenizer': <uer.utils.tokenizer.BertTokenizer object at 0x7f6ede8ef908>, 'feedforward_size': 3072, 'hidden_size': 768, 'heads_num': 12, 'layers_num': 12, 'learning_rate': 2e-05, 'warmup': 0.1, 'batch_size': 32, 'dropout': 0.1, 'device': device(type='cuda'), 'epochs_num': 60, 'train_path': '/home/gyh/pack_for_debug_2/UER-py-master/ff_no_dup_train_samples', 't2d_path': '/home/gyh/pack_for_debug_2/UER-py-master/ff_no_dup_test_samples_t2d', 'limaye_path': '/home/gyh/pack_for_debug_2/UER-py-master/ff_no_dup_test_samples_limaye', 'wiki_path': '/home/gyh/pack_for_debug_2/UER-py-master/ff_no_dup_test_samples_wikipedia', 'labels_map': {'Mammal': 0, 'SportsTeam': 1, 'PoliticalParty': 2, 'Mountain': 3, 'RadioStation': 4, 'Bird': 5, 'Writer': 6, 'Scientist': 7, 'Newspaper': 8, 'MountainRange': 9, 'Saint': 10, 'Genre': 11, 'Film': 12, 'AcademicJournal': 13, 'AdministrativeRegion': 14, 'City': 15, 'Hospital': 16, 'Wrestler': 17, 'VideoGame': 18, 'Currency': 19, 'GovernmentType': 20, 'Lake': 21, 'Company': 22, 'Airline': 23, 'Book': 24, 'Museum': 25, 'Continent': 26, 'Building': 27, 'MovieDirector': 28, 'Language': 29, 'Monarch': 30, 'BaseballPlayer': 31, 'Airport': 32, 'University': 33, 'Plant': 34, 'Mayor': 35, 'Country': 36}, 'labels_num': 37, 'logger': <RootLogger root (DEBUG)>, 'report_steps': 100}
2021-01-07 22:21:23,546 - task_col_classifier.py [line:221] - INFO: Model sent to device: cuda:0/cuda
2021-01-07 22:21:50,456 - task_col_classifier.py [line:207] - INFO: Epoch id: 1, Training steps: 100, Avg loss: 3.582
2021-01-07 22:22:33,262 - task_col_classifier.py [line:207] - INFO: Epoch id: 2, Training steps: 100, Avg loss: 5.664
2021-01-07 22:23:16,147 - task_col_classifier.py [line:207] - INFO: Epoch id: 3, Training steps: 100, Avg loss: 2.696
2021-01-07 22:23:58,836 - task_col_classifier.py [line:207] - INFO: Epoch id: 4, Training steps: 100, Avg loss: 0.981
2021-01-07 22:24:28,167 - task_col_classifier.py [line:188] - INFO: Epoch_id: 4	 DataSet: ff_no_dup_test_samples_t2d	Acc: 0.8947368421052632
2021-01-07 22:24:37,861 - task_col_classifier.py [line:188] - INFO: Epoch_id: 4	 DataSet: ff_no_dup_test_samples_wikipedia	Acc: 0.49022801302931596
2021-01-07 22:24:39,729 - task_col_classifier.py [line:188] - INFO: Epoch_id: 4	 DataSet: ff_no_dup_test_samples_limaye	Acc: 0.49122807017543857
2021-01-07 22:25:02,141 - task_col_classifier.py [line:207] - INFO: Epoch id: 5, Training steps: 100, Avg loss: 0.476
2021-01-07 22:25:45,031 - task_col_classifier.py [line:207] - INFO: Epoch id: 6, Training steps: 100, Avg loss: 0.253
2021-01-07 22:26:27,929 - task_col_classifier.py [line:207] - INFO: Epoch id: 7, Training steps: 100, Avg loss: 0.162
2021-01-07 22:27:10,975 - task_col_classifier.py [line:207] - INFO: Epoch id: 8, Training steps: 100, Avg loss: 0.147
2021-01-07 22:27:40,182 - task_col_classifier.py [line:188] - INFO: Epoch_id: 8	 DataSet: ff_no_dup_test_samples_t2d	Acc: 0.9097744360902256
2021-01-07 22:27:49,985 - task_col_classifier.py [line:188] - INFO: Epoch_id: 8	 DataSet: ff_no_dup_test_samples_wikipedia	Acc: 0.5749185667752443
2021-01-07 22:27:51,847 - task_col_classifier.py [line:188] - INFO: Epoch_id: 8	 DataSet: ff_no_dup_test_samples_limaye	Acc: 0.6403508771929824
2021-01-07 22:28:14,135 - task_col_classifier.py [line:207] - INFO: Epoch id: 9, Training steps: 100, Avg loss: 0.092
2021-01-07 22:28:56,697 - task_col_classifier.py [line:207] - INFO: Epoch id: 10, Training steps: 100, Avg loss: 0.079
2021-01-07 22:29:39,164 - task_col_classifier.py [line:207] - INFO: Epoch id: 11, Training steps: 100, Avg loss: 0.060
2021-01-07 22:30:21,610 - task_col_classifier.py [line:207] - INFO: Epoch id: 12, Training steps: 100, Avg loss: 0.056
2021-01-07 22:30:50,748 - task_col_classifier.py [line:188] - INFO: Epoch_id: 12	 DataSet: ff_no_dup_test_samples_t2d	Acc: 0.924812030075188
2021-01-07 22:31:00,393 - task_col_classifier.py [line:188] - INFO: Epoch_id: 12	 DataSet: ff_no_dup_test_samples_wikipedia	Acc: 0.6009771986970684
2021-01-07 22:31:02,264 - task_col_classifier.py [line:188] - INFO: Epoch_id: 12	 DataSet: ff_no_dup_test_samples_limaye	Acc: 0.6666666666666666
2021-01-07 22:31:24,551 - task_col_classifier.py [line:207] - INFO: Epoch id: 13, Training steps: 100, Avg loss: 0.043
2021-01-07 22:32:07,019 - task_col_classifier.py [line:207] - INFO: Epoch id: 14, Training steps: 100, Avg loss: 0.043
2021-01-07 22:32:49,458 - task_col_classifier.py [line:207] - INFO: Epoch id: 15, Training steps: 100, Avg loss: 0.030
2021-01-07 22:33:32,593 - task_col_classifier.py [line:207] - INFO: Epoch id: 16, Training steps: 100, Avg loss: 0.025
2021-01-07 22:34:02,113 - task_col_classifier.py [line:188] - INFO: Epoch_id: 16	 DataSet: ff_no_dup_test_samples_t2d	Acc: 0.924812030075188
2021-01-07 22:34:11,774 - task_col_classifier.py [line:188] - INFO: Epoch_id: 16	 DataSet: ff_no_dup_test_samples_wikipedia	Acc: 0.6091205211726385
2021-01-07 22:34:13,642 - task_col_classifier.py [line:188] - INFO: Epoch_id: 16	 DataSet: ff_no_dup_test_samples_limaye	Acc: 0.6842105263157895
2021-01-07 22:34:36,201 - task_col_classifier.py [line:207] - INFO: Epoch id: 17, Training steps: 100, Avg loss: 0.021
2021-01-07 22:35:19,094 - task_col_classifier.py [line:207] - INFO: Epoch id: 18, Training steps: 100, Avg loss: 0.021
2021-01-07 22:36:01,988 - task_col_classifier.py [line:207] - INFO: Epoch id: 19, Training steps: 100, Avg loss: 0.013
2021-01-07 22:36:44,883 - task_col_classifier.py [line:207] - INFO: Epoch id: 20, Training steps: 100, Avg loss: 0.010
2021-01-07 22:37:14,248 - task_col_classifier.py [line:188] - INFO: Epoch_id: 20	 DataSet: ff_no_dup_test_samples_t2d	Acc: 0.9323308270676691
2021-01-07 22:37:23,955 - task_col_classifier.py [line:188] - INFO: Epoch_id: 20	 DataSet: ff_no_dup_test_samples_wikipedia	Acc: 0.6042345276872965
2021-01-07 22:37:25,833 - task_col_classifier.py [line:188] - INFO: Epoch_id: 20	 DataSet: ff_no_dup_test_samples_limaye	Acc: 0.6578947368421053
2021-01-07 22:37:48,376 - task_col_classifier.py [line:207] - INFO: Epoch id: 21, Training steps: 100, Avg loss: 0.010
2021-01-07 22:38:31,455 - task_col_classifier.py [line:207] - INFO: Epoch id: 22, Training steps: 100, Avg loss: 0.009
2021-01-07 22:39:14,686 - task_col_classifier.py [line:207] - INFO: Epoch id: 23, Training steps: 100, Avg loss: 0.008
2021-01-07 22:39:57,462 - task_col_classifier.py [line:207] - INFO: Epoch id: 24, Training steps: 100, Avg loss: 0.007
2021-01-07 22:40:26,695 - task_col_classifier.py [line:188] - INFO: Epoch_id: 24	 DataSet: ff_no_dup_test_samples_t2d	Acc: 0.9323308270676691
2021-01-07 22:40:36,368 - task_col_classifier.py [line:188] - INFO: Epoch_id: 24	 DataSet: ff_no_dup_test_samples_wikipedia	Acc: 0.6058631921824105
2021-01-07 22:40:38,233 - task_col_classifier.py [line:188] - INFO: Epoch_id: 24	 DataSet: ff_no_dup_test_samples_limaye	Acc: 0.6578947368421053
2021-01-07 22:41:00,554 - task_col_classifier.py [line:207] - INFO: Epoch id: 25, Training steps: 100, Avg loss: 0.006
2021-01-07 22:41:42,986 - task_col_classifier.py [line:207] - INFO: Epoch id: 26, Training steps: 100, Avg loss: 0.006
2021-01-07 22:42:25,314 - task_col_classifier.py [line:207] - INFO: Epoch id: 27, Training steps: 100, Avg loss: 0.005
2021-01-07 22:43:07,706 - task_col_classifier.py [line:207] - INFO: Epoch id: 28, Training steps: 100, Avg loss: 0.005
2021-01-07 22:43:36,934 - task_col_classifier.py [line:188] - INFO: Epoch_id: 28	 DataSet: ff_no_dup_test_samples_t2d	Acc: 0.9323308270676691
2021-01-07 22:43:46,572 - task_col_classifier.py [line:188] - INFO: Epoch_id: 28	 DataSet: ff_no_dup_test_samples_wikipedia	Acc: 0.6091205211726385
2021-01-07 22:43:48,442 - task_col_classifier.py [line:188] - INFO: Epoch_id: 28	 DataSet: ff_no_dup_test_samples_limaye	Acc: 0.6666666666666666
2021-01-07 22:44:10,679 - task_col_classifier.py [line:207] - INFO: Epoch id: 29, Training steps: 100, Avg loss: 0.004
2021-01-07 22:44:53,736 - task_col_classifier.py [line:207] - INFO: Epoch id: 30, Training steps: 100, Avg loss: 0.004
2021-01-07 22:45:37,021 - task_col_classifier.py [line:207] - INFO: Epoch id: 31, Training steps: 100, Avg loss: 0.004
2021-01-07 22:46:20,277 - task_col_classifier.py [line:207] - INFO: Epoch id: 32, Training steps: 100, Avg loss: 0.003
2021-01-07 22:46:49,823 - task_col_classifier.py [line:188] - INFO: Epoch_id: 32	 DataSet: ff_no_dup_test_samples_t2d	Acc: 0.9323308270676691
2021-01-07 22:46:59,538 - task_col_classifier.py [line:188] - INFO: Epoch_id: 32	 DataSet: ff_no_dup_test_samples_wikipedia	Acc: 0.6074918566775245
2021-01-07 22:47:01,409 - task_col_classifier.py [line:188] - INFO: Epoch_id: 32	 DataSet: ff_no_dup_test_samples_limaye	Acc: 0.6666666666666666
2021-01-07 22:47:24,162 - task_col_classifier.py [line:207] - INFO: Epoch id: 33, Training steps: 100, Avg loss: 0.003
2021-01-07 22:48:07,109 - task_col_classifier.py [line:207] - INFO: Epoch id: 34, Training steps: 100, Avg loss: 0.003
2021-01-07 22:48:49,693 - task_col_classifier.py [line:207] - INFO: Epoch id: 35, Training steps: 100, Avg loss: 0.003
2021-01-07 22:49:32,222 - task_col_classifier.py [line:207] - INFO: Epoch id: 36, Training steps: 100, Avg loss: 0.002
2021-01-07 22:50:01,609 - task_col_classifier.py [line:188] - INFO: Epoch_id: 36	 DataSet: ff_no_dup_test_samples_t2d	Acc: 0.9323308270676691
2021-01-07 22:50:11,901 - task_col_classifier.py [line:188] - INFO: Epoch_id: 36	 DataSet: ff_no_dup_test_samples_wikipedia	Acc: 0.6074918566775245
2021-01-07 22:50:14,113 - task_col_classifier.py [line:188] - INFO: Epoch_id: 36	 DataSet: ff_no_dup_test_samples_limaye	Acc: 0.6666666666666666
2021-01-07 22:50:36,514 - task_col_classifier.py [line:207] - INFO: Epoch id: 37, Training steps: 100, Avg loss: 0.002
2021-01-07 22:51:18,920 - task_col_classifier.py [line:207] - INFO: Epoch id: 38, Training steps: 100, Avg loss: 0.003
2021-01-07 22:52:01,597 - task_col_classifier.py [line:207] - INFO: Epoch id: 39, Training steps: 100, Avg loss: 0.086
2021-01-07 22:52:44,532 - task_col_classifier.py [line:207] - INFO: Epoch id: 40, Training steps: 100, Avg loss: 0.009
2021-01-07 22:53:14,399 - task_col_classifier.py [line:188] - INFO: Epoch_id: 40	 DataSet: ff_no_dup_test_samples_t2d	Acc: 0.9172932330827067
2021-01-07 22:53:24,088 - task_col_classifier.py [line:188] - INFO: Epoch_id: 40	 DataSet: ff_no_dup_test_samples_wikipedia	Acc: 0.5895765472312704
2021-01-07 22:53:25,960 - task_col_classifier.py [line:188] - INFO: Epoch_id: 40	 DataSet: ff_no_dup_test_samples_limaye	Acc: 0.6491228070175439
2021-01-07 22:53:48,268 - task_col_classifier.py [line:207] - INFO: Epoch id: 41, Training steps: 100, Avg loss: 0.010
