2021-01-07 21:21:50,924 - task_col_classifier.py [line:219] - INFO: Model sent to device: cuda:0/cuda
2021-01-07 21:22:17,669 - task_col_classifier.py [line:206] - INFO: Epoch id: 1, Training steps: 100, Avg loss: 3.577
2021-01-07 21:23:00,165 - task_col_classifier.py [line:206] - INFO: Epoch id: 2, Training steps: 100, Avg loss: 5.858
2021-01-07 21:23:43,288 - task_col_classifier.py [line:206] - INFO: Epoch id: 3, Training steps: 100, Avg loss: 4.036
2021-01-07 21:24:25,851 - task_col_classifier.py [line:206] - INFO: Epoch id: 4, Training steps: 100, Avg loss: 1.458
2021-01-07 21:24:55,145 - task_col_classifier.py [line:187] - INFO: Epoch_id: 4	 DataSet: ff_no_dup_test_samples_t2d	Acc: 0.8571428571428571
2021-01-07 21:25:04,783 - task_col_classifier.py [line:187] - INFO: Epoch_id: 4	 DataSet: ff_no_dup_test_samples_wikipedia	Acc: 0.5228013029315961
2021-01-07 21:25:06,647 - task_col_classifier.py [line:187] - INFO: Epoch_id: 4	 DataSet: ff_no_dup_test_samples_limaye	Acc: 0.4298245614035088
2021-01-07 21:25:28,971 - task_col_classifier.py [line:206] - INFO: Epoch id: 5, Training steps: 100, Avg loss: 0.583
2021-01-07 21:26:11,655 - task_col_classifier.py [line:206] - INFO: Epoch id: 6, Training steps: 100, Avg loss: 0.305
2021-01-07 21:26:54,743 - task_col_classifier.py [line:206] - INFO: Epoch id: 7, Training steps: 100, Avg loss: 0.222
2021-01-07 21:27:37,687 - task_col_classifier.py [line:206] - INFO: Epoch id: 8, Training steps: 100, Avg loss: 0.118
2021-01-07 21:28:06,994 - task_col_classifier.py [line:187] - INFO: Epoch_id: 8	 DataSet: ff_no_dup_test_samples_t2d	Acc: 0.9097744360902256
2021-01-07 21:28:16,748 - task_col_classifier.py [line:187] - INFO: Epoch_id: 8	 DataSet: ff_no_dup_test_samples_wikipedia	Acc: 0.5977198697068404
2021-01-07 21:28:18,614 - task_col_classifier.py [line:187] - INFO: Epoch_id: 8	 DataSet: ff_no_dup_test_samples_limaye	Acc: 0.6403508771929824
2021-01-07 21:28:41,497 - task_col_classifier.py [line:206] - INFO: Epoch id: 9, Training steps: 100, Avg loss: 0.091
2021-01-07 21:29:24,097 - task_col_classifier.py [line:206] - INFO: Epoch id: 10, Training steps: 100, Avg loss: 0.076
2021-01-07 21:30:06,918 - task_col_classifier.py [line:206] - INFO: Epoch id: 11, Training steps: 100, Avg loss: 0.058
2021-01-07 21:30:49,889 - task_col_classifier.py [line:206] - INFO: Epoch id: 12, Training steps: 100, Avg loss: 0.056
2021-01-07 21:31:19,087 - task_col_classifier.py [line:187] - INFO: Epoch_id: 12	 DataSet: ff_no_dup_test_samples_t2d	Acc: 0.924812030075188
2021-01-07 21:31:28,759 - task_col_classifier.py [line:187] - INFO: Epoch_id: 12	 DataSet: ff_no_dup_test_samples_wikipedia	Acc: 0.6270358306188925
2021-01-07 21:31:30,624 - task_col_classifier.py [line:187] - INFO: Epoch_id: 12	 DataSet: ff_no_dup_test_samples_limaye	Acc: 0.6403508771929824
2021-01-07 21:31:53,119 - task_col_classifier.py [line:206] - INFO: Epoch id: 13, Training steps: 100, Avg loss: 0.048
2021-01-07 21:32:36,164 - task_col_classifier.py [line:206] - INFO: Epoch id: 14, Training steps: 100, Avg loss: 0.036
2021-01-07 21:33:19,233 - task_col_classifier.py [line:206] - INFO: Epoch id: 15, Training steps: 100, Avg loss: 0.056
2021-01-07 21:34:01,730 - task_col_classifier.py [line:206] - INFO: Epoch id: 16, Training steps: 100, Avg loss: 0.029
2021-01-07 21:34:30,951 - task_col_classifier.py [line:187] - INFO: Epoch_id: 16	 DataSet: ff_no_dup_test_samples_t2d	Acc: 0.924812030075188
2021-01-07 21:34:40,633 - task_col_classifier.py [line:187] - INFO: Epoch_id: 16	 DataSet: ff_no_dup_test_samples_wikipedia	Acc: 0.6140065146579805
2021-01-07 21:34:42,499 - task_col_classifier.py [line:187] - INFO: Epoch_id: 16	 DataSet: ff_no_dup_test_samples_limaye	Acc: 0.6491228070175439
2021-01-07 21:35:05,244 - task_col_classifier.py [line:206] - INFO: Epoch id: 17, Training steps: 100, Avg loss: 0.027
2021-01-07 21:35:48,689 - task_col_classifier.py [line:206] - INFO: Epoch id: 18, Training steps: 100, Avg loss: 0.018
2021-01-07 21:36:31,889 - task_col_classifier.py [line:206] - INFO: Epoch id: 19, Training steps: 100, Avg loss: 0.017
2021-01-07 21:37:14,796 - task_col_classifier.py [line:206] - INFO: Epoch id: 20, Training steps: 100, Avg loss: 0.017
2021-01-07 21:37:44,155 - task_col_classifier.py [line:187] - INFO: Epoch_id: 20	 DataSet: ff_no_dup_test_samples_t2d	Acc: 0.9172932330827067
2021-01-07 21:37:53,854 - task_col_classifier.py [line:187] - INFO: Epoch_id: 20	 DataSet: ff_no_dup_test_samples_wikipedia	Acc: 0.6286644951140065
2021-01-07 21:37:55,720 - task_col_classifier.py [line:187] - INFO: Epoch_id: 20	 DataSet: ff_no_dup_test_samples_limaye	Acc: 0.6578947368421053
2021-01-07 21:38:18,289 - task_col_classifier.py [line:206] - INFO: Epoch id: 21, Training steps: 100, Avg loss: 0.011
2021-01-07 21:39:01,273 - task_col_classifier.py [line:206] - INFO: Epoch id: 22, Training steps: 100, Avg loss: 0.009
2021-01-07 21:39:44,045 - task_col_classifier.py [line:206] - INFO: Epoch id: 23, Training steps: 100, Avg loss: 0.008
2021-01-07 21:40:26,958 - task_col_classifier.py [line:206] - INFO: Epoch id: 24, Training steps: 100, Avg loss: 0.008
2021-01-07 21:40:56,146 - task_col_classifier.py [line:187] - INFO: Epoch_id: 24	 DataSet: ff_no_dup_test_samples_t2d	Acc: 0.9022556390977443
2021-01-07 21:41:05,781 - task_col_classifier.py [line:187] - INFO: Epoch_id: 24	 DataSet: ff_no_dup_test_samples_wikipedia	Acc: 0.6286644951140065
2021-01-07 21:41:07,643 - task_col_classifier.py [line:187] - INFO: Epoch_id: 24	 DataSet: ff_no_dup_test_samples_limaye	Acc: 0.6578947368421053
2021-01-07 21:41:30,200 - task_col_classifier.py [line:206] - INFO: Epoch id: 25, Training steps: 100, Avg loss: 0.008
2021-01-07 21:42:12,734 - task_col_classifier.py [line:206] - INFO: Epoch id: 26, Training steps: 100, Avg loss: 0.007
2021-01-07 21:42:55,214 - task_col_classifier.py [line:206] - INFO: Epoch id: 27, Training steps: 100, Avg loss: 0.006
2021-01-07 21:43:37,803 - task_col_classifier.py [line:206] - INFO: Epoch id: 28, Training steps: 100, Avg loss: 0.006
2021-01-07 21:44:07,497 - task_col_classifier.py [line:187] - INFO: Epoch_id: 28	 DataSet: ff_no_dup_test_samples_t2d	Acc: 0.9097744360902256
2021-01-07 21:44:17,140 - task_col_classifier.py [line:187] - INFO: Epoch_id: 28	 DataSet: ff_no_dup_test_samples_wikipedia	Acc: 0.6270358306188925
2021-01-07 21:44:19,023 - task_col_classifier.py [line:187] - INFO: Epoch_id: 28	 DataSet: ff_no_dup_test_samples_limaye	Acc: 0.6578947368421053
2021-01-07 21:44:41,820 - task_col_classifier.py [line:206] - INFO: Epoch id: 29, Training steps: 100, Avg loss: 0.006
2021-01-07 21:45:25,254 - task_col_classifier.py [line:206] - INFO: Epoch id: 30, Training steps: 100, Avg loss: 0.005
2021-01-07 21:46:08,728 - task_col_classifier.py [line:206] - INFO: Epoch id: 31, Training steps: 100, Avg loss: 0.005
2021-01-07 21:46:52,313 - task_col_classifier.py [line:206] - INFO: Epoch id: 32, Training steps: 100, Avg loss: 0.004
2021-01-07 21:47:22,020 - task_col_classifier.py [line:187] - INFO: Epoch_id: 32	 DataSet: ff_no_dup_test_samples_t2d	Acc: 0.9097744360902256
2021-01-07 21:47:31,703 - task_col_classifier.py [line:187] - INFO: Epoch_id: 32	 DataSet: ff_no_dup_test_samples_wikipedia	Acc: 0.6368078175895765
2021-01-07 21:47:33,572 - task_col_classifier.py [line:187] - INFO: Epoch_id: 32	 DataSet: ff_no_dup_test_samples_limaye	Acc: 0.6578947368421053
2021-01-07 21:47:56,098 - task_col_classifier.py [line:206] - INFO: Epoch id: 33, Training steps: 100, Avg loss: 0.004
2021-01-07 21:48:39,358 - task_col_classifier.py [line:206] - INFO: Epoch id: 34, Training steps: 100, Avg loss: 0.004
2021-01-07 21:49:22,374 - task_col_classifier.py [line:206] - INFO: Epoch id: 35, Training steps: 100, Avg loss: 0.057
2021-01-07 21:50:05,063 - task_col_classifier.py [line:206] - INFO: Epoch id: 36, Training steps: 100, Avg loss: 0.013
2021-01-07 21:50:34,212 - task_col_classifier.py [line:187] - INFO: Epoch_id: 36	 DataSet: ff_no_dup_test_samples_t2d	Acc: 0.9172932330827067
2021-01-07 21:50:43,951 - task_col_classifier.py [line:187] - INFO: Epoch_id: 36	 DataSet: ff_no_dup_test_samples_wikipedia	Acc: 0.6058631921824105
2021-01-07 21:50:45,813 - task_col_classifier.py [line:187] - INFO: Epoch_id: 36	 DataSet: ff_no_dup_test_samples_limaye	Acc: 0.631578947368421
2021-01-07 21:51:08,207 - task_col_classifier.py [line:206] - INFO: Epoch id: 37, Training steps: 100, Avg loss: 0.004
2021-01-07 21:51:50,663 - task_col_classifier.py [line:206] - INFO: Epoch id: 38, Training steps: 100, Avg loss: 0.005
2021-01-07 21:52:33,199 - task_col_classifier.py [line:206] - INFO: Epoch id: 39, Training steps: 100, Avg loss: 0.011
2021-01-07 21:53:15,545 - task_col_classifier.py [line:206] - INFO: Epoch id: 40, Training steps: 100, Avg loss: 0.003
2021-01-07 21:53:44,818 - task_col_classifier.py [line:187] - INFO: Epoch_id: 40	 DataSet: ff_no_dup_test_samples_t2d	Acc: 0.9172932330827067
2021-01-07 21:53:54,464 - task_col_classifier.py [line:187] - INFO: Epoch_id: 40	 DataSet: ff_no_dup_test_samples_wikipedia	Acc: 0.6123778501628665
2021-01-07 21:53:56,324 - task_col_classifier.py [line:187] - INFO: Epoch_id: 40	 DataSet: ff_no_dup_test_samples_limaye	Acc: 0.6403508771929824
2021-01-07 21:54:18,679 - task_col_classifier.py [line:206] - INFO: Epoch id: 41, Training steps: 100, Avg loss: 0.003
2021-01-07 21:55:01,373 - task_col_classifier.py [line:206] - INFO: Epoch id: 42, Training steps: 100, Avg loss: 0.004
2021-01-07 21:55:44,217 - task_col_classifier.py [line:206] - INFO: Epoch id: 43, Training steps: 100, Avg loss: 0.002
2021-01-07 21:56:27,012 - task_col_classifier.py [line:206] - INFO: Epoch id: 44, Training steps: 100, Avg loss: 0.002
2021-01-07 21:56:56,315 - task_col_classifier.py [line:187] - INFO: Epoch_id: 44	 DataSet: ff_no_dup_test_samples_t2d	Acc: 0.9172932330827067
2021-01-07 21:57:05,949 - task_col_classifier.py [line:187] - INFO: Epoch_id: 44	 DataSet: ff_no_dup_test_samples_wikipedia	Acc: 0.6009771986970684
2021-01-07 21:57:07,814 - task_col_classifier.py [line:187] - INFO: Epoch_id: 44	 DataSet: ff_no_dup_test_samples_limaye	Acc: 0.5877192982456141
2021-01-07 21:57:30,130 - task_col_classifier.py [line:206] - INFO: Epoch id: 45, Training steps: 100, Avg loss: 0.002
2021-01-07 21:58:12,843 - task_col_classifier.py [line:206] - INFO: Epoch id: 46, Training steps: 100, Avg loss: 0.002
2021-01-07 21:58:55,826 - task_col_classifier.py [line:206] - INFO: Epoch id: 47, Training steps: 100, Avg loss: 0.002
2021-01-07 21:59:38,334 - task_col_classifier.py [line:206] - INFO: Epoch id: 48, Training steps: 100, Avg loss: 0.002
2021-01-07 22:00:07,551 - task_col_classifier.py [line:187] - INFO: Epoch_id: 48	 DataSet: ff_no_dup_test_samples_t2d	Acc: 0.9172932330827067
2021-01-07 22:00:17,254 - task_col_classifier.py [line:187] - INFO: Epoch_id: 48	 DataSet: ff_no_dup_test_samples_wikipedia	Acc: 0.6107491856677525
2021-01-07 22:00:19,119 - task_col_classifier.py [line:187] - INFO: Epoch_id: 48	 DataSet: ff_no_dup_test_samples_limaye	Acc: 0.6228070175438597
2021-01-07 22:00:41,410 - task_col_classifier.py [line:206] - INFO: Epoch id: 49, Training steps: 100, Avg loss: 0.001
2021-01-07 22:01:23,941 - task_col_classifier.py [line:206] - INFO: Epoch id: 50, Training steps: 100, Avg loss: 0.001
2021-01-07 22:02:06,412 - task_col_classifier.py [line:206] - INFO: Epoch id: 51, Training steps: 100, Avg loss: 0.001
2021-01-07 22:02:48,817 - task_col_classifier.py [line:206] - INFO: Epoch id: 52, Training steps: 100, Avg loss: 0.001
2021-01-07 22:03:17,981 - task_col_classifier.py [line:187] - INFO: Epoch_id: 52	 DataSet: ff_no_dup_test_samples_t2d	Acc: 0.9172932330827067
2021-01-07 22:03:27,616 - task_col_classifier.py [line:187] - INFO: Epoch_id: 52	 DataSet: ff_no_dup_test_samples_wikipedia	Acc: 0.6107491856677525
2021-01-07 22:03:29,476 - task_col_classifier.py [line:187] - INFO: Epoch_id: 52	 DataSet: ff_no_dup_test_samples_limaye	Acc: 0.6228070175438597
2021-01-07 22:03:52,693 - task_col_classifier.py [line:206] - INFO: Epoch id: 53, Training steps: 100, Avg loss: 0.001
2021-01-07 22:04:36,222 - task_col_classifier.py [line:206] - INFO: Epoch id: 54, Training steps: 100, Avg loss: 0.001
2021-01-07 22:05:19,678 - task_col_classifier.py [line:206] - INFO: Epoch id: 55, Training steps: 100, Avg loss: 0.001
2021-01-07 22:06:02,881 - task_col_classifier.py [line:206] - INFO: Epoch id: 56, Training steps: 100, Avg loss: 0.001
2021-01-07 22:06:32,536 - task_col_classifier.py [line:187] - INFO: Epoch_id: 56	 DataSet: ff_no_dup_test_samples_t2d	Acc: 0.9172932330827067
2021-01-07 22:06:42,183 - task_col_classifier.py [line:187] - INFO: Epoch_id: 56	 DataSet: ff_no_dup_test_samples_wikipedia	Acc: 0.6156351791530945
2021-01-07 22:06:44,048 - task_col_classifier.py [line:187] - INFO: Epoch_id: 56	 DataSet: ff_no_dup_test_samples_limaye	Acc: 0.6228070175438597
2021-01-07 22:07:06,797 - task_col_classifier.py [line:206] - INFO: Epoch id: 57, Training steps: 100, Avg loss: 0.001
2021-01-07 22:07:50,187 - task_col_classifier.py [line:206] - INFO: Epoch id: 58, Training steps: 100, Avg loss: 0.001
2021-01-07 22:08:32,737 - task_col_classifier.py [line:206] - INFO: Epoch id: 59, Training steps: 100, Avg loss: 0.001
2021-01-07 22:09:15,215 - task_col_classifier.py [line:206] - INFO: Epoch id: 60, Training steps: 100, Avg loss: 0.001
2021-01-07 22:09:44,403 - task_col_classifier.py [line:187] - INFO: Epoch_id: 60	 DataSet: ff_no_dup_test_samples_t2d	Acc: 0.9172932330827067
2021-01-07 22:09:54,112 - task_col_classifier.py [line:187] - INFO: Epoch_id: 60	 DataSet: ff_no_dup_test_samples_wikipedia	Acc: 0.6107491856677525
2021-01-07 22:09:55,987 - task_col_classifier.py [line:187] - INFO: Epoch_id: 60	 DataSet: ff_no_dup_test_samples_limaye	Acc: 0.5964912280701754
