2021-01-07 19:27:57,517 - task_col_classifier.py [line:218] - INFO: Model sent to device: cuda:0/cuda
2021-01-07 19:28:22,026 - task_col_classifier.py [line:206] - INFO: Epoch id: 1, Training steps: 100, Avg loss: 3.411
2021-01-07 19:28:48,308 - task_col_classifier.py [line:187] - INFO: Epoch_id: None	 DataSet: ff_no_dup_test_samples_t2d	Acc: 0.045112781954887216
2021-01-07 19:28:57,002 - task_col_classifier.py [line:187] - INFO: Epoch_id: None	 DataSet: ff_no_dup_test_samples_wikipedia	Acc: 0.03257328990228013
2021-01-07 19:28:58,671 - task_col_classifier.py [line:187] - INFO: Epoch_id: None	 DataSet: ff_no_dup_test_samples_limaye	Acc: 0.0
2021-01-07 19:29:18,672 - task_col_classifier.py [line:206] - INFO: Epoch id: 2, Training steps: 100, Avg loss: 5.137
2021-01-07 19:29:44,858 - task_col_classifier.py [line:187] - INFO: Epoch_id: None	 DataSet: ff_no_dup_test_samples_t2d	Acc: 0.44360902255639095
2021-01-07 19:29:53,686 - task_col_classifier.py [line:187] - INFO: Epoch_id: None	 DataSet: ff_no_dup_test_samples_wikipedia	Acc: 0.1237785016286645
2021-01-07 19:29:55,369 - task_col_classifier.py [line:187] - INFO: Epoch_id: None	 DataSet: ff_no_dup_test_samples_limaye	Acc: 0.07894736842105263
2021-01-07 19:30:15,435 - task_col_classifier.py [line:206] - INFO: Epoch id: 3, Training steps: 100, Avg loss: 3.367
2021-01-07 19:30:41,502 - task_col_classifier.py [line:187] - INFO: Epoch_id: None	 DataSet: ff_no_dup_test_samples_t2d	Acc: 0.8571428571428571
2021-01-07 19:30:50,195 - task_col_classifier.py [line:187] - INFO: Epoch_id: None	 DataSet: ff_no_dup_test_samples_wikipedia	Acc: 0.43159609120521175
2021-01-07 19:30:51,872 - task_col_classifier.py [line:187] - INFO: Epoch_id: None	 DataSet: ff_no_dup_test_samples_limaye	Acc: 0.35964912280701755
2021-01-07 19:31:11,927 - task_col_classifier.py [line:206] - INFO: Epoch id: 4, Training steps: 100, Avg loss: 0.890
2021-01-07 19:31:38,120 - task_col_classifier.py [line:187] - INFO: Epoch_id: None	 DataSet: ff_no_dup_test_samples_t2d	Acc: 0.9022556390977443
2021-01-07 19:31:46,897 - task_col_classifier.py [line:187] - INFO: Epoch_id: None	 DataSet: ff_no_dup_test_samples_wikipedia	Acc: 0.5179153094462541
2021-01-07 19:31:48,570 - task_col_classifier.py [line:187] - INFO: Epoch_id: None	 DataSet: ff_no_dup_test_samples_limaye	Acc: 0.35964912280701755
2021-01-07 19:32:08,961 - task_col_classifier.py [line:206] - INFO: Epoch id: 5, Training steps: 100, Avg loss: 0.379
2021-01-07 19:32:35,133 - task_col_classifier.py [line:187] - INFO: Epoch_id: None	 DataSet: ff_no_dup_test_samples_t2d	Acc: 0.9097744360902256
2021-01-07 19:32:43,899 - task_col_classifier.py [line:187] - INFO: Epoch_id: None	 DataSet: ff_no_dup_test_samples_wikipedia	Acc: 0.5423452768729642
2021-01-07 19:32:45,577 - task_col_classifier.py [line:187] - INFO: Epoch_id: None	 DataSet: ff_no_dup_test_samples_limaye	Acc: 0.40350877192982454
2021-01-07 19:33:05,558 - task_col_classifier.py [line:206] - INFO: Epoch id: 6, Training steps: 100, Avg loss: 0.234
2021-01-07 19:33:31,688 - task_col_classifier.py [line:187] - INFO: Epoch_id: None	 DataSet: ff_no_dup_test_samples_t2d	Acc: 0.924812030075188
2021-01-07 19:33:40,375 - task_col_classifier.py [line:187] - INFO: Epoch_id: None	 DataSet: ff_no_dup_test_samples_wikipedia	Acc: 0.5863192182410424
2021-01-07 19:33:42,037 - task_col_classifier.py [line:187] - INFO: Epoch_id: None	 DataSet: ff_no_dup_test_samples_limaye	Acc: 0.543859649122807
2021-01-07 19:34:02,122 - task_col_classifier.py [line:206] - INFO: Epoch id: 7, Training steps: 100, Avg loss: 0.156
2021-01-07 19:34:28,376 - task_col_classifier.py [line:187] - INFO: Epoch_id: None	 DataSet: ff_no_dup_test_samples_t2d	Acc: 0.9323308270676691
2021-01-07 19:34:37,092 - task_col_classifier.py [line:187] - INFO: Epoch_id: None	 DataSet: ff_no_dup_test_samples_wikipedia	Acc: 0.5830618892508144
2021-01-07 19:34:38,759 - task_col_classifier.py [line:187] - INFO: Epoch_id: None	 DataSet: ff_no_dup_test_samples_limaye	Acc: 0.5
2021-01-07 19:34:58,726 - task_col_classifier.py [line:206] - INFO: Epoch id: 8, Training steps: 100, Avg loss: 0.121
2021-01-07 19:35:24,721 - task_col_classifier.py [line:187] - INFO: Epoch_id: None	 DataSet: ff_no_dup_test_samples_t2d	Acc: 0.9398496240601504
2021-01-07 19:35:33,467 - task_col_classifier.py [line:187] - INFO: Epoch_id: None	 DataSet: ff_no_dup_test_samples_wikipedia	Acc: 0.5798045602605864
2021-01-07 19:35:35,135 - task_col_classifier.py [line:187] - INFO: Epoch_id: None	 DataSet: ff_no_dup_test_samples_limaye	Acc: 0.47368421052631576
2021-01-07 19:35:55,205 - task_col_classifier.py [line:206] - INFO: Epoch id: 9, Training steps: 100, Avg loss: 0.101
2021-01-07 19:36:21,521 - task_col_classifier.py [line:187] - INFO: Epoch_id: None	 DataSet: ff_no_dup_test_samples_t2d	Acc: 0.9323308270676691
2021-01-07 19:36:30,500 - task_col_classifier.py [line:187] - INFO: Epoch_id: None	 DataSet: ff_no_dup_test_samples_wikipedia	Acc: 0.6058631921824105
2021-01-07 19:36:32,169 - task_col_classifier.py [line:187] - INFO: Epoch_id: None	 DataSet: ff_no_dup_test_samples_limaye	Acc: 0.5175438596491229
2021-01-07 19:36:52,460 - task_col_classifier.py [line:206] - INFO: Epoch id: 10, Training steps: 100, Avg loss: 0.079
2021-01-07 19:37:18,874 - task_col_classifier.py [line:187] - INFO: Epoch_id: None	 DataSet: ff_no_dup_test_samples_t2d	Acc: 0.9398496240601504
2021-01-07 19:37:27,582 - task_col_classifier.py [line:187] - INFO: Epoch_id: None	 DataSet: ff_no_dup_test_samples_wikipedia	Acc: 0.5993485342019544
2021-01-07 19:37:29,247 - task_col_classifier.py [line:187] - INFO: Epoch_id: None	 DataSet: ff_no_dup_test_samples_limaye	Acc: 0.5877192982456141
2021-01-07 19:37:49,357 - task_col_classifier.py [line:206] - INFO: Epoch id: 11, Training steps: 100, Avg loss: 0.066
2021-01-07 19:38:15,762 - task_col_classifier.py [line:187] - INFO: Epoch_id: None	 DataSet: ff_no_dup_test_samples_t2d	Acc: 0.9323308270676691
2021-01-07 19:38:24,514 - task_col_classifier.py [line:187] - INFO: Epoch_id: None	 DataSet: ff_no_dup_test_samples_wikipedia	Acc: 0.6042345276872965
2021-01-07 19:38:26,190 - task_col_classifier.py [line:187] - INFO: Epoch_id: None	 DataSet: ff_no_dup_test_samples_limaye	Acc: 0.5
2021-01-07 19:38:46,335 - task_col_classifier.py [line:206] - INFO: Epoch id: 12, Training steps: 100, Avg loss: 0.057
2021-01-07 19:39:12,492 - task_col_classifier.py [line:187] - INFO: Epoch_id: None	 DataSet: ff_no_dup_test_samples_t2d	Acc: 0.9473684210526315
2021-01-07 19:39:21,268 - task_col_classifier.py [line:187] - INFO: Epoch_id: None	 DataSet: ff_no_dup_test_samples_wikipedia	Acc: 0.6107491856677525
2021-01-07 19:39:22,937 - task_col_classifier.py [line:187] - INFO: Epoch_id: None	 DataSet: ff_no_dup_test_samples_limaye	Acc: 0.5350877192982456
2021-01-07 19:39:43,161 - task_col_classifier.py [line:206] - INFO: Epoch id: 13, Training steps: 100, Avg loss: 0.050
2021-01-07 19:40:09,496 - task_col_classifier.py [line:187] - INFO: Epoch_id: None	 DataSet: ff_no_dup_test_samples_t2d	Acc: 0.9323308270676691
2021-01-07 19:40:18,196 - task_col_classifier.py [line:187] - INFO: Epoch_id: None	 DataSet: ff_no_dup_test_samples_wikipedia	Acc: 0.5944625407166124
2021-01-07 19:40:19,856 - task_col_classifier.py [line:187] - INFO: Epoch_id: None	 DataSet: ff_no_dup_test_samples_limaye	Acc: 0.4824561403508772
2021-01-07 19:40:39,908 - task_col_classifier.py [line:206] - INFO: Epoch id: 14, Training steps: 100, Avg loss: 0.047
2021-01-07 19:41:06,325 - task_col_classifier.py [line:187] - INFO: Epoch_id: None	 DataSet: ff_no_dup_test_samples_t2d	Acc: 0.9323308270676691
2021-01-07 19:41:15,019 - task_col_classifier.py [line:187] - INFO: Epoch_id: None	 DataSet: ff_no_dup_test_samples_wikipedia	Acc: 0.6140065146579805
2021-01-07 19:41:16,686 - task_col_classifier.py [line:187] - INFO: Epoch_id: None	 DataSet: ff_no_dup_test_samples_limaye	Acc: 0.5526315789473685
2021-01-07 19:41:36,806 - task_col_classifier.py [line:206] - INFO: Epoch id: 15, Training steps: 100, Avg loss: 0.038
2021-01-07 19:42:03,147 - task_col_classifier.py [line:187] - INFO: Epoch_id: None	 DataSet: ff_no_dup_test_samples_t2d	Acc: 0.924812030075188
2021-01-07 19:42:11,991 - task_col_classifier.py [line:187] - INFO: Epoch_id: None	 DataSet: ff_no_dup_test_samples_wikipedia	Acc: 0.6172638436482085
2021-01-07 19:42:13,663 - task_col_classifier.py [line:187] - INFO: Epoch_id: None	 DataSet: ff_no_dup_test_samples_limaye	Acc: 0.5263157894736842
2021-01-07 19:42:33,788 - task_col_classifier.py [line:206] - INFO: Epoch id: 16, Training steps: 100, Avg loss: 0.035
2021-01-07 19:43:00,182 - task_col_classifier.py [line:187] - INFO: Epoch_id: None	 DataSet: ff_no_dup_test_samples_t2d	Acc: 0.924812030075188
2021-01-07 19:43:08,883 - task_col_classifier.py [line:187] - INFO: Epoch_id: None	 DataSet: ff_no_dup_test_samples_wikipedia	Acc: 0.6091205211726385
2021-01-07 19:43:10,628 - task_col_classifier.py [line:187] - INFO: Epoch_id: None	 DataSet: ff_no_dup_test_samples_limaye	Acc: 0.5087719298245614
2021-01-07 19:43:31,024 - task_col_classifier.py [line:206] - INFO: Epoch id: 17, Training steps: 100, Avg loss: 0.035
2021-01-07 19:43:57,553 - task_col_classifier.py [line:187] - INFO: Epoch_id: None	 DataSet: ff_no_dup_test_samples_t2d	Acc: 0.924812030075188
2021-01-07 19:44:06,278 - task_col_classifier.py [line:187] - INFO: Epoch_id: None	 DataSet: ff_no_dup_test_samples_wikipedia	Acc: 0.6140065146579805
2021-01-07 19:44:07,942 - task_col_classifier.py [line:187] - INFO: Epoch_id: None	 DataSet: ff_no_dup_test_samples_limaye	Acc: 0.5263157894736842
2021-01-07 19:44:28,273 - task_col_classifier.py [line:206] - INFO: Epoch id: 18, Training steps: 100, Avg loss: 0.031
2021-01-07 19:44:54,867 - task_col_classifier.py [line:187] - INFO: Epoch_id: None	 DataSet: ff_no_dup_test_samples_t2d	Acc: 0.924812030075188
2021-01-07 19:45:03,549 - task_col_classifier.py [line:187] - INFO: Epoch_id: None	 DataSet: ff_no_dup_test_samples_wikipedia	Acc: 0.6140065146579805
2021-01-07 19:45:05,218 - task_col_classifier.py [line:187] - INFO: Epoch_id: None	 DataSet: ff_no_dup_test_samples_limaye	Acc: 0.5263157894736842
2021-01-07 19:45:25,502 - task_col_classifier.py [line:206] - INFO: Epoch id: 19, Training steps: 100, Avg loss: 0.031
2021-01-07 19:45:51,888 - task_col_classifier.py [line:187] - INFO: Epoch_id: None	 DataSet: ff_no_dup_test_samples_t2d	Acc: 0.924812030075188
2021-01-07 19:46:00,668 - task_col_classifier.py [line:187] - INFO: Epoch_id: None	 DataSet: ff_no_dup_test_samples_wikipedia	Acc: 0.6156351791530945
2021-01-07 19:46:02,343 - task_col_classifier.py [line:187] - INFO: Epoch_id: None	 DataSet: ff_no_dup_test_samples_limaye	Acc: 0.5263157894736842
2021-01-07 19:46:22,464 - task_col_classifier.py [line:206] - INFO: Epoch id: 20, Training steps: 100, Avg loss: 0.030
2021-01-07 19:46:48,943 - task_col_classifier.py [line:187] - INFO: Epoch_id: None	 DataSet: ff_no_dup_test_samples_t2d	Acc: 0.924812030075188
2021-01-07 19:46:57,625 - task_col_classifier.py [line:187] - INFO: Epoch_id: None	 DataSet: ff_no_dup_test_samples_wikipedia	Acc: 0.6172638436482085
2021-01-07 19:46:59,292 - task_col_classifier.py [line:187] - INFO: Epoch_id: None	 DataSet: ff_no_dup_test_samples_limaye	Acc: 0.5263157894736842
