2021-01-07 20:50:55,979 - task_col_classifier.py [line:219] - INFO: Model sent to device: cuda:0/cuda:0
2021-01-07 20:51:13,954 - task_col_classifier.py [line:206] - INFO: Epoch id: 1, Training steps: 100, Avg loss: 3.148
2021-01-07 20:51:27,453 - task_col_classifier.py [line:206] - INFO: Epoch id: 1, Training steps: 200, Avg loss: 3.199
2021-01-07 20:51:40,744 - task_col_classifier.py [line:206] - INFO: Epoch id: 1, Training steps: 300, Avg loss: 2.392
2021-01-07 20:52:05,087 - task_col_classifier.py [line:206] - INFO: Epoch id: 2, Training steps: 100, Avg loss: 4.091
2021-01-07 20:52:18,479 - task_col_classifier.py [line:206] - INFO: Epoch id: 2, Training steps: 200, Avg loss: 2.992
2021-01-07 20:52:31,727 - task_col_classifier.py [line:206] - INFO: Epoch id: 2, Training steps: 300, Avg loss: 2.748
2021-01-07 20:52:55,909 - task_col_classifier.py [line:206] - INFO: Epoch id: 3, Training steps: 100, Avg loss: 4.357
2021-01-07 20:53:09,199 - task_col_classifier.py [line:206] - INFO: Epoch id: 3, Training steps: 200, Avg loss: 1.880
2021-01-07 20:53:22,540 - task_col_classifier.py [line:206] - INFO: Epoch id: 3, Training steps: 300, Avg loss: 1.373
2021-01-07 20:53:46,927 - task_col_classifier.py [line:206] - INFO: Epoch id: 4, Training steps: 100, Avg loss: 1.481
2021-01-07 20:54:00,575 - task_col_classifier.py [line:206] - INFO: Epoch id: 4, Training steps: 200, Avg loss: 0.525
2021-01-07 20:54:14,272 - task_col_classifier.py [line:206] - INFO: Epoch id: 4, Training steps: 300, Avg loss: 0.366
2021-01-07 20:54:34,835 - task_col_classifier.py [line:187] - INFO: Epoch_id: 4	 DataSet: ff_no_dup_test_samples_t2d	Acc: 0.8195488721804511
2021-01-07 20:54:45,122 - task_col_classifier.py [line:187] - INFO: Epoch_id: 4	 DataSet: ff_no_dup_test_samples_wikipedia	Acc: 0.4511400651465798
2021-01-07 20:54:47,123 - task_col_classifier.py [line:187] - INFO: Epoch_id: 4	 DataSet: ff_no_dup_test_samples_limaye	Acc: 0.37719298245614036
2021-01-07 20:55:00,670 - task_col_classifier.py [line:206] - INFO: Epoch id: 5, Training steps: 100, Avg loss: 0.453
2021-01-07 20:55:14,107 - task_col_classifier.py [line:206] - INFO: Epoch id: 5, Training steps: 200, Avg loss: 0.161
2021-01-07 20:55:27,622 - task_col_classifier.py [line:206] - INFO: Epoch id: 5, Training steps: 300, Avg loss: 0.200
2021-01-07 20:55:52,153 - task_col_classifier.py [line:206] - INFO: Epoch id: 6, Training steps: 100, Avg loss: 0.211
2021-01-07 20:56:05,773 - task_col_classifier.py [line:206] - INFO: Epoch id: 6, Training steps: 200, Avg loss: 0.083
2021-01-07 20:56:19,273 - task_col_classifier.py [line:206] - INFO: Epoch id: 6, Training steps: 300, Avg loss: 0.070
2021-01-07 20:56:43,669 - task_col_classifier.py [line:206] - INFO: Epoch id: 7, Training steps: 100, Avg loss: 0.135
2021-01-07 20:56:57,095 - task_col_classifier.py [line:206] - INFO: Epoch id: 7, Training steps: 200, Avg loss: 0.058
2021-01-07 20:57:10,474 - task_col_classifier.py [line:206] - INFO: Epoch id: 7, Training steps: 300, Avg loss: 0.059
2021-01-07 20:57:34,723 - task_col_classifier.py [line:206] - INFO: Epoch id: 8, Training steps: 100, Avg loss: 0.087
2021-01-07 20:57:48,083 - task_col_classifier.py [line:206] - INFO: Epoch id: 8, Training steps: 200, Avg loss: 0.039
2021-01-07 20:58:01,592 - task_col_classifier.py [line:206] - INFO: Epoch id: 8, Training steps: 300, Avg loss: 0.054
2021-01-07 20:58:22,137 - task_col_classifier.py [line:187] - INFO: Epoch_id: 8	 DataSet: ff_no_dup_test_samples_t2d	Acc: 0.9022556390977443
2021-01-07 20:58:32,494 - task_col_classifier.py [line:187] - INFO: Epoch_id: 8	 DataSet: ff_no_dup_test_samples_wikipedia	Acc: 0.5488599348534202
2021-01-07 20:58:34,491 - task_col_classifier.py [line:187] - INFO: Epoch_id: 8	 DataSet: ff_no_dup_test_samples_limaye	Acc: 0.34210526315789475
2021-01-07 20:58:47,995 - task_col_classifier.py [line:206] - INFO: Epoch id: 9, Training steps: 100, Avg loss: 0.070
2021-01-07 20:59:01,348 - task_col_classifier.py [line:206] - INFO: Epoch id: 9, Training steps: 200, Avg loss: 0.034
2021-01-07 20:59:14,939 - task_col_classifier.py [line:206] - INFO: Epoch id: 9, Training steps: 300, Avg loss: 0.037
2021-01-07 20:59:39,072 - task_col_classifier.py [line:206] - INFO: Epoch id: 10, Training steps: 100, Avg loss: 0.069
2021-01-07 20:59:52,491 - task_col_classifier.py [line:206] - INFO: Epoch id: 10, Training steps: 200, Avg loss: 0.069
2021-01-07 21:00:05,967 - task_col_classifier.py [line:206] - INFO: Epoch id: 10, Training steps: 300, Avg loss: 0.067
2021-01-07 21:00:30,381 - task_col_classifier.py [line:206] - INFO: Epoch id: 11, Training steps: 100, Avg loss: 0.098
2021-01-07 21:00:43,714 - task_col_classifier.py [line:206] - INFO: Epoch id: 11, Training steps: 200, Avg loss: 0.033
2021-01-07 21:00:57,035 - task_col_classifier.py [line:206] - INFO: Epoch id: 11, Training steps: 300, Avg loss: 0.044
2021-01-07 21:01:21,180 - task_col_classifier.py [line:206] - INFO: Epoch id: 12, Training steps: 100, Avg loss: 0.073
2021-01-07 21:01:34,441 - task_col_classifier.py [line:206] - INFO: Epoch id: 12, Training steps: 200, Avg loss: 0.022
2021-01-07 21:01:47,618 - task_col_classifier.py [line:206] - INFO: Epoch id: 12, Training steps: 300, Avg loss: 0.027
2021-01-07 21:02:07,941 - task_col_classifier.py [line:187] - INFO: Epoch_id: 12	 DataSet: ff_no_dup_test_samples_t2d	Acc: 0.9172932330827067
2021-01-07 21:02:18,204 - task_col_classifier.py [line:187] - INFO: Epoch_id: 12	 DataSet: ff_no_dup_test_samples_wikipedia	Acc: 0.5798045602605864
2021-01-07 21:02:20,208 - task_col_classifier.py [line:187] - INFO: Epoch_id: 12	 DataSet: ff_no_dup_test_samples_limaye	Acc: 0.5175438596491229
2021-01-07 21:02:33,459 - task_col_classifier.py [line:206] - INFO: Epoch id: 13, Training steps: 100, Avg loss: 0.052
2021-01-07 21:02:46,672 - task_col_classifier.py [line:206] - INFO: Epoch id: 13, Training steps: 200, Avg loss: 0.034
2021-01-07 21:02:59,870 - task_col_classifier.py [line:206] - INFO: Epoch id: 13, Training steps: 300, Avg loss: 0.033
2021-01-07 21:03:24,342 - task_col_classifier.py [line:206] - INFO: Epoch id: 14, Training steps: 100, Avg loss: 0.057
2021-01-07 21:03:37,619 - task_col_classifier.py [line:206] - INFO: Epoch id: 14, Training steps: 200, Avg loss: 0.049
2021-01-07 21:03:51,078 - task_col_classifier.py [line:206] - INFO: Epoch id: 14, Training steps: 300, Avg loss: 0.026
2021-01-07 21:04:15,494 - task_col_classifier.py [line:206] - INFO: Epoch id: 15, Training steps: 100, Avg loss: 0.046
2021-01-07 21:04:28,904 - task_col_classifier.py [line:206] - INFO: Epoch id: 15, Training steps: 200, Avg loss: 0.030
2021-01-07 21:04:42,395 - task_col_classifier.py [line:206] - INFO: Epoch id: 15, Training steps: 300, Avg loss: 0.026
2021-01-07 21:05:06,454 - task_col_classifier.py [line:206] - INFO: Epoch id: 16, Training steps: 100, Avg loss: 0.034
2021-01-07 21:05:19,748 - task_col_classifier.py [line:206] - INFO: Epoch id: 16, Training steps: 200, Avg loss: 0.025
2021-01-07 21:05:33,016 - task_col_classifier.py [line:206] - INFO: Epoch id: 16, Training steps: 300, Avg loss: 0.021
2021-01-07 21:05:53,421 - task_col_classifier.py [line:187] - INFO: Epoch_id: 16	 DataSet: ff_no_dup_test_samples_t2d	Acc: 0.924812030075188
2021-01-07 21:06:03,675 - task_col_classifier.py [line:187] - INFO: Epoch_id: 16	 DataSet: ff_no_dup_test_samples_wikipedia	Acc: 0.5895765472312704
2021-01-07 21:06:05,683 - task_col_classifier.py [line:187] - INFO: Epoch_id: 16	 DataSet: ff_no_dup_test_samples_limaye	Acc: 0.5087719298245614
2021-01-07 21:06:19,149 - task_col_classifier.py [line:206] - INFO: Epoch id: 17, Training steps: 100, Avg loss: 0.035
2021-01-07 21:06:31,972 - task_col_classifier.py [line:206] - INFO: Epoch id: 17, Training steps: 200, Avg loss: 0.020
2021-01-07 21:06:44,702 - task_col_classifier.py [line:206] - INFO: Epoch id: 17, Training steps: 300, Avg loss: 0.020
2021-01-07 21:07:08,003 - task_col_classifier.py [line:206] - INFO: Epoch id: 18, Training steps: 100, Avg loss: 0.032
2021-01-07 21:07:21,332 - task_col_classifier.py [line:206] - INFO: Epoch id: 18, Training steps: 200, Avg loss: 0.015
2021-01-07 21:07:34,580 - task_col_classifier.py [line:206] - INFO: Epoch id: 18, Training steps: 300, Avg loss: 0.019
2021-01-07 21:07:58,528 - task_col_classifier.py [line:206] - INFO: Epoch id: 19, Training steps: 100, Avg loss: 0.036
2021-01-07 21:08:11,765 - task_col_classifier.py [line:206] - INFO: Epoch id: 19, Training steps: 200, Avg loss: 0.016
2021-01-07 21:08:24,997 - task_col_classifier.py [line:206] - INFO: Epoch id: 19, Training steps: 300, Avg loss: 0.016
2021-01-07 21:08:49,058 - task_col_classifier.py [line:206] - INFO: Epoch id: 20, Training steps: 100, Avg loss: 0.032
2021-01-07 21:09:03,009 - task_col_classifier.py [line:206] - INFO: Epoch id: 20, Training steps: 200, Avg loss: 0.020
2021-01-07 21:09:16,842 - task_col_classifier.py [line:206] - INFO: Epoch id: 20, Training steps: 300, Avg loss: 0.016
2021-01-07 21:09:37,620 - task_col_classifier.py [line:187] - INFO: Epoch_id: 20	 DataSet: ff_no_dup_test_samples_t2d	Acc: 0.924812030075188
2021-01-07 21:09:47,964 - task_col_classifier.py [line:187] - INFO: Epoch_id: 20	 DataSet: ff_no_dup_test_samples_wikipedia	Acc: 0.6058631921824105
2021-01-07 21:09:49,969 - task_col_classifier.py [line:187] - INFO: Epoch_id: 20	 DataSet: ff_no_dup_test_samples_limaye	Acc: 0.631578947368421
2021-01-07 21:10:03,287 - task_col_classifier.py [line:206] - INFO: Epoch id: 21, Training steps: 100, Avg loss: 0.029
2021-01-07 21:10:16,476 - task_col_classifier.py [line:206] - INFO: Epoch id: 21, Training steps: 200, Avg loss: 0.014
2021-01-07 21:10:29,683 - task_col_classifier.py [line:206] - INFO: Epoch id: 21, Training steps: 300, Avg loss: 0.017
2021-01-07 21:10:53,656 - task_col_classifier.py [line:206] - INFO: Epoch id: 22, Training steps: 100, Avg loss: 0.034
2021-01-07 21:11:06,874 - task_col_classifier.py [line:206] - INFO: Epoch id: 22, Training steps: 200, Avg loss: 0.012
2021-01-07 21:11:20,124 - task_col_classifier.py [line:206] - INFO: Epoch id: 22, Training steps: 300, Avg loss: 0.016
2021-01-07 21:11:44,083 - task_col_classifier.py [line:206] - INFO: Epoch id: 23, Training steps: 100, Avg loss: 0.030
2021-01-07 21:11:57,381 - task_col_classifier.py [line:206] - INFO: Epoch id: 23, Training steps: 200, Avg loss: 0.016
2021-01-07 21:12:10,999 - task_col_classifier.py [line:206] - INFO: Epoch id: 23, Training steps: 300, Avg loss: 0.013
2021-01-07 21:12:35,515 - task_col_classifier.py [line:206] - INFO: Epoch id: 24, Training steps: 100, Avg loss: 0.028
2021-01-07 21:12:49,175 - task_col_classifier.py [line:206] - INFO: Epoch id: 24, Training steps: 200, Avg loss: 0.015
2021-01-07 21:13:02,718 - task_col_classifier.py [line:206] - INFO: Epoch id: 24, Training steps: 300, Avg loss: 0.015
2021-01-07 21:13:23,406 - task_col_classifier.py [line:187] - INFO: Epoch_id: 24	 DataSet: ff_no_dup_test_samples_t2d	Acc: 0.9172932330827067
2021-01-07 21:13:33,660 - task_col_classifier.py [line:187] - INFO: Epoch_id: 24	 DataSet: ff_no_dup_test_samples_wikipedia	Acc: 0.5977198697068404
2021-01-07 21:13:35,655 - task_col_classifier.py [line:187] - INFO: Epoch_id: 24	 DataSet: ff_no_dup_test_samples_limaye	Acc: 0.5526315789473685
2021-01-07 21:13:49,408 - task_col_classifier.py [line:206] - INFO: Epoch id: 25, Training steps: 100, Avg loss: 0.022
2021-01-07 21:14:02,788 - task_col_classifier.py [line:206] - INFO: Epoch id: 25, Training steps: 200, Avg loss: 0.011
2021-01-07 21:14:16,021 - task_col_classifier.py [line:206] - INFO: Epoch id: 25, Training steps: 300, Avg loss: 0.019
2021-01-07 21:14:39,942 - task_col_classifier.py [line:206] - INFO: Epoch id: 26, Training steps: 100, Avg loss: 0.023
2021-01-07 21:14:53,157 - task_col_classifier.py [line:206] - INFO: Epoch id: 26, Training steps: 200, Avg loss: 0.014
2021-01-07 21:15:06,345 - task_col_classifier.py [line:206] - INFO: Epoch id: 26, Training steps: 300, Avg loss: 0.012
2021-01-07 21:15:30,349 - task_col_classifier.py [line:206] - INFO: Epoch id: 27, Training steps: 100, Avg loss: 0.024
2021-01-07 21:15:43,579 - task_col_classifier.py [line:206] - INFO: Epoch id: 27, Training steps: 200, Avg loss: 0.010
2021-01-07 21:15:56,835 - task_col_classifier.py [line:206] - INFO: Epoch id: 27, Training steps: 300, Avg loss: 0.013
2021-01-07 21:16:20,744 - task_col_classifier.py [line:206] - INFO: Epoch id: 28, Training steps: 100, Avg loss: 0.020
2021-01-07 21:16:34,261 - task_col_classifier.py [line:206] - INFO: Epoch id: 28, Training steps: 200, Avg loss: 0.008
2021-01-07 21:16:47,536 - task_col_classifier.py [line:206] - INFO: Epoch id: 28, Training steps: 300, Avg loss: 0.012
2021-01-07 21:17:07,804 - task_col_classifier.py [line:187] - INFO: Epoch_id: 28	 DataSet: ff_no_dup_test_samples_t2d	Acc: 0.924812030075188
2021-01-07 21:17:18,053 - task_col_classifier.py [line:187] - INFO: Epoch_id: 28	 DataSet: ff_no_dup_test_samples_wikipedia	Acc: 0.5912052117263844
2021-01-07 21:17:20,063 - task_col_classifier.py [line:187] - INFO: Epoch_id: 28	 DataSet: ff_no_dup_test_samples_limaye	Acc: 0.5701754385964912
2021-01-07 21:17:33,286 - task_col_classifier.py [line:206] - INFO: Epoch id: 29, Training steps: 100, Avg loss: 0.023
2021-01-07 21:17:46,493 - task_col_classifier.py [line:206] - INFO: Epoch id: 29, Training steps: 200, Avg loss: 0.009
2021-01-07 21:17:59,709 - task_col_classifier.py [line:206] - INFO: Epoch id: 29, Training steps: 300, Avg loss: 0.010
2021-01-07 21:18:23,817 - task_col_classifier.py [line:206] - INFO: Epoch id: 30, Training steps: 100, Avg loss: 0.013
2021-01-07 21:18:37,230 - task_col_classifier.py [line:206] - INFO: Epoch id: 30, Training steps: 200, Avg loss: 0.008
2021-01-07 21:18:50,538 - task_col_classifier.py [line:206] - INFO: Epoch id: 30, Training steps: 300, Avg loss: 0.009
